<?xml version="1.0" encoding="UTF-8"?>
<!-- Generated by org.testng.reporters.JUnitReportReporter -->
<testsuite hostname="DESKTOP-OTS0622" failures="0" tests="1" name="com.inetbaking.testcases.TC_addCustomer_002" time="5.921" errors="0" timestamp="2021-09-09T09:48:54 AEST" skipped="0">
  <testcase classname="com.inetbaking.testcases.TC_addCustomer_002" name="login" time="5.921"/>
  <system-out/>
</testsuite> <!-- com.inetbaking.testcases.TC_addCustomer_002 -->
